17:41:42:715:418 [ RECIEVED ] LOG_MESSAGE AUCTIONEER_STARTED MODE RANDOM_ALLOCATION POINTS 2 [ BY ] Auction_Test 1324680102
17:42:47:495:654 [ RECIEVED ] LOG_MESSAGE AUCTIONEER_FINISHED SUCCESSFUL AGENTS 3 [ BY ] Auction_Test 1324680102
17:43:07:084:835 [ RECIEVED ] LOG_MESSAGE AUCTIONEER_STARTED MODE SIMPLE_AUCTION POINTS 2 [ BY ] Auction_Test 1324680187
17:44:11:300:122 [ RECIEVED ] LOG_MESSAGE AUCTIONEER_FINISHED SUCCESSFUL AGENTS 3 [ BY ] Auction_Test 1324680187
17:44:30:932:323 [ RECIEVED ] LOG_MESSAGE AUCTIONEER_STARTED MODE COMBINATORIAL_AUCTION_PROXIMITY POINTS 2 [ BY ] Auction_Test 1324680270
17:45:51:981:489 [ RECIEVED ] LOG_MESSAGE AUCTIONEER_FINISHED SUCCESSFUL AGENTS 3 [ BY ] Auction_Test 1324680270
17:46:11:681:944 [ RECIEVED ] LOG_MESSAGE AUCTIONEER_STARTED MODE COMBINATORIAL_AUCTION_SORTED POINTS 2 [ BY ] Auction_Test 1324680371
17:47:16:358:948 [ RECIEVED ] LOG_MESSAGE AUCTIONEER_FINISHED SUCCESSFUL AGENTS 3 [ BY ] Auction_Test 1324680371
17:47:35:342:716 [ RECIEVED ] LOG_MESSAGE AUCTIONEER_STARTED MODE RANDOM_ALLOCATION POINTS 5 [ BY ] Auction_Test 1324680455
17:51:33:790:931 [ RECIEVED ] LOG_MESSAGE AUCTIONEER_FINISHED SUCCESSFUL AGENTS 3 [ BY ] Auction_Test 1324680455
17:51:52:862:753 [ RECIEVED ] LOG_MESSAGE AUCTIONEER_STARTED MODE SIMPLE_AUCTION POINTS 5 [ BY ] Auction_Test 1324680712
17:55:41:293:054 [ RECIEVED ] LOG_MESSAGE AUCTIONEER_FINISHED SUCCESSFUL AGENTS 3 [ BY ] Auction_Test 1324680712
17:55:59:758:585 [ RECIEVED ] LOG_MESSAGE AUCTIONEER_STARTED MODE COMBINATORIAL_AUCTION_PROXIMITY POINTS 5 [ BY ] Auction_Test 1324680959
17:59:36:387:168 [ RECIEVED ] LOG_MESSAGE AUCTIONEER_FINISHED SUCCESSFUL AGENTS 3 [ BY ] Auction_Test 1324680959
17:59:55:651:882 [ RECIEVED ] LOG_MESSAGE AUCTIONEER_STARTED MODE COMBINATORIAL_AUCTION_SORTED POINTS 5 [ BY ] Auction_Test 1324681195
18:03:21:939:518 [ RECIEVED ] LOG_MESSAGE AUCTIONEER_FINISHED SUCCESSFUL AGENTS 3 [ BY ] Auction_Test 1324681195
18:03:40:966:437 [ RECIEVED ] LOG_MESSAGE AUCTIONEER_STARTED MODE RANDOM_ALLOCATION POINTS 8 [ BY ] Auction_Test 1324681420
18:09:25:966:759 [ RECIEVED ] LOG_MESSAGE AUCTIONEER_FINISHED SUCCESSFUL AGENTS 3 [ BY ] Auction_Test 1324681420
18:09:44:350:213 [ RECIEVED ] LOG_MESSAGE AUCTIONEER_STARTED MODE SIMPLE_AUCTION POINTS 8 [ BY ] Auction_Test 1324681784
18:14:18:407:557 [ RECIEVED ] LOG_MESSAGE AUCTIONEER_FINISHED SUCCESSFUL AGENTS 3 [ BY ] Auction_Test 1324681784
18:14:37:896:854 [ RECIEVED ] LOG_MESSAGE AUCTIONEER_STARTED MODE COMBINATORIAL_AUCTION_PROXIMITY POINTS 8 [ BY ] Auction_Test 1324682077
18:18:44:800:813 [ RECIEVED ] LOG_MESSAGE AUCTIONEER_FINISHED SUCCESSFUL AGENTS 3 [ BY ] Auction_Test 1324682077
18:19:03:980:309 [ RECIEVED ] LOG_MESSAGE AUCTIONEER_STARTED MODE COMBINATORIAL_AUCTION_SORTED POINTS 8 [ BY ] Auction_Test 1324682343
18:23:10:747:936 [ RECIEVED ] LOG_MESSAGE AUCTIONEER_FINISHED SUCCESSFUL AGENTS 3 [ BY ] Auction_Test 1324682343
18:23:29:606:331 [ RECIEVED ] LOG_MESSAGE AUCTIONEER_STARTED MODE RANDOM_ALLOCATION POINTS 2 [ BY ] Auction_Test 1324682609
18:24:32:496:014 [ RECIEVED ] LOG_MESSAGE AUCTIONEER_FINISHED SUCCESSFUL AGENTS 3 [ BY ] Auction_Test 1324682609
18:24:51:626:478 [ RECIEVED ] LOG_MESSAGE AUCTIONEER_STARTED MODE SIMPLE_AUCTION POINTS 2 [ BY ] Auction_Test 1324682691
18:25:51:791:030 [ RECIEVED ] LOG_MESSAGE AUCTIONEER_FINISHED SUCCESSFUL AGENTS 3 [ BY ] Auction_Test 1324682691
18:26:10:971:159 [ RECIEVED ] LOG_MESSAGE AUCTIONEER_STARTED MODE COMBINATORIAL_AUCTION_PROXIMITY POINTS 2 [ BY ] Auction_Test 1324682770
18:27:09:799:805 [ RECIEVED ] LOG_MESSAGE AUCTIONEER_FINISHED SUCCESSFUL AGENTS 3 [ BY ] Auction_Test 1324682770
18:27:28:248:076 [ RECIEVED ] LOG_MESSAGE AUCTIONEER_STARTED MODE COMBINATORIAL_AUCTION_SORTED POINTS 2 [ BY ] Auction_Test 1324682848
18:28:28:479:481 [ RECIEVED ] LOG_MESSAGE AUCTIONEER_FINISHED SUCCESSFUL AGENTS 3 [ BY ] Auction_Test 1324682848
18:28:47:529:406 [ RECIEVED ] LOG_MESSAGE AUCTIONEER_STARTED MODE RANDOM_ALLOCATION POINTS 5 [ BY ] Auction_Test 1324682927
18:32:39:045:639 [ RECIEVED ] LOG_MESSAGE AUCTIONEER_FINISHED SUCCESSFUL AGENTS 3 [ BY ] Auction_Test 1324682927
18:32:58:335:208 [ RECIEVED ] LOG_MESSAGE AUCTIONEER_STARTED MODE SIMPLE_AUCTION POINTS 5 [ BY ] Auction_Test 1324683178
18:36:56:300:248 [ RECIEVED ] LOG_MESSAGE AUCTIONEER_FINISHED SUCCESSFUL AGENTS 3 [ BY ] Auction_Test 1324683178
18:37:15:415:717 [ RECIEVED ] LOG_MESSAGE AUCTIONEER_STARTED MODE COMBINATORIAL_AUCTION_PROXIMITY POINTS 5 [ BY ] Auction_Test 1324683435
18:52:34:398:252 [ RECIEVED ] LOG_MESSAGE AUCTIONEER_STARTED MODE COMBINATORIAL_AUCTION_SORTED POINTS 5 [ BY ] Auction_Test 1324684354
18:55:51:373:089 [ RECIEVED ] LOG_MESSAGE AUCTIONEER_FINISHED SUCCESSFUL AGENTS 3 [ BY ] Auction_Test 1324684354
18:56:09:866:333 [ RECIEVED ] LOG_MESSAGE AUCTIONEER_STARTED MODE RANDOM_ALLOCATION POINTS 8 [ BY ] Auction_Test 1324684569
19:02:29:555:325 [ RECIEVED ] LOG_MESSAGE AUCTIONEER_FINISHED SUCCESSFUL AGENTS 3 [ BY ] Auction_Test 1324684569
19:02:48:591:550 [ RECIEVED ] LOG_MESSAGE AUCTIONEER_STARTED MODE SIMPLE_AUCTION POINTS 8 [ BY ] Auction_Test 1324684968
19:07:29:751:034 [ RECIEVED ] LOG_MESSAGE AUCTIONEER_FINISHED SUCCESSFUL AGENTS 3 [ BY ] Auction_Test 1324684968
19:07:49:048:125 [ RECIEVED ] LOG_MESSAGE AUCTIONEER_STARTED MODE COMBINATORIAL_AUCTION_PROXIMITY POINTS 8 [ BY ] Auction_Test 1324685269
19:11:52:419:171 [ RECIEVED ] LOG_MESSAGE AUCTIONEER_FINISHED SUCCESSFUL AGENTS 3 [ BY ] Auction_Test 1324685269
19:12:11:296:104 [ RECIEVED ] LOG_MESSAGE AUCTIONEER_STARTED MODE COMBINATORIAL_AUCTION_SORTED POINTS 8 [ BY ] Auction_Test 1324685531
19:16:15:447:500 [ RECIEVED ] LOG_MESSAGE AUCTIONEER_FINISHED SUCCESSFUL AGENTS 3 [ BY ] Auction_Test 1324685531

