RUN NUMBER            : 1
AUCTION TYPE          : RANDOM_ALLOCATION
NUMBER OF POINTS      : 11
DURATION - ALL USECS  : USecs [ 252737189 ]
EXPERIMENT SUCCESSFUL : true

RUN NUMBER            : 1
AUCTION TYPE          : SIMPLE_AUCTION
NUMBER OF POINTS      : 11
DURATION - ALL USECS  : USecs [ 157485797 ]
EXPERIMENT SUCCESSFUL : true

RUN NUMBER            : 1
AUCTION TYPE          : COMBINATORIAL_AUCTION_PROXIMITY
NUMBER OF POINTS      : 11
DURATION - ALL USECS  : USecs [ 148935944 ]
EXPERIMENT SUCCESSFUL : true

RUN NUMBER            : 1
AUCTION TYPE          : COMBINATORIAL_AUCTION_SORTED
NUMBER OF POINTS      : 11
DURATION - ALL USECS  : USecs [ 135719037 ]
EXPERIMENT SUCCESSFUL : true

RUN NUMBER            : 2
AUCTION TYPE          : RANDOM_ALLOCATION
NUMBER OF POINTS      : 11
DURATION - ALL USECS  : USecs [ 249035462 ]
EXPERIMENT SUCCESSFUL : true

RUN NUMBER            : 2
AUCTION TYPE          : SIMPLE_AUCTION
NUMBER OF POINTS      : 11
DURATION - ALL USECS  : USecs [ 152187683 ]
EXPERIMENT SUCCESSFUL : true

RUN NUMBER            : 2
AUCTION TYPE          : COMBINATORIAL_AUCTION_PROXIMITY
NUMBER OF POINTS      : 11
DURATION - ALL USECS  : USecs [ 148678483 ]
EXPERIMENT SUCCESSFUL : true

RUN NUMBER            : 2
AUCTION TYPE          : COMBINATORIAL_AUCTION_SORTED
NUMBER OF POINTS      : 11
DURATION - ALL USECS  : USecs [ 147611112 ]
EXPERIMENT SUCCESSFUL : true

