RUN NUMBER            : 1
AUCTION TYPE          : RANDOM_ALLOCATION
NUMBER OF POINTS      : 10
DURATION - ALL USECS  : USecs [ 0 ]
EXPERIMENT SUCCESSFUL : false

RUN NUMBER            : 1
AUCTION TYPE          : COMBINATORIAL_AUCTION_PROXIMITY
NUMBER OF POINTS      : 10
DURATION - ALL USECS  : USecs [ 177051975 ]
EXPERIMENT SUCCESSFUL : true

RUN NUMBER            : 1
AUCTION TYPE          : COMBINATORIAL_AUCTION_SORTED
NUMBER OF POINTS      : 10
DURATION - ALL USECS  : USecs [ 284436439 ]
EXPERIMENT SUCCESSFUL : true

RUN NUMBER            : 2
AUCTION TYPE          : COMBINATORIAL_AUCTION_PROXIMITY
NUMBER OF POINTS      : 10
DURATION - ALL USECS  : USecs [ 228547768 ]
EXPERIMENT SUCCESSFUL : true

RUN NUMBER            : 2
AUCTION TYPE          : COMBINATORIAL_AUCTION_SORTED
NUMBER OF POINTS      : 10
DURATION - ALL USECS  : USecs [ 224604184 ]
EXPERIMENT SUCCESSFUL : true

