RUN NUMBER            : 1
AUCTION TYPE          : RANDOM_ALLOCATION
NUMBER OF POINTS      : 11
DURATION - ALL USECS  : USecs [ 349450190 ]
EXPERIMENT SUCCESSFUL : true

RUN NUMBER            : 1
AUCTION TYPE          : SIMPLE_AUCTION
NUMBER OF POINTS      : 11
DURATION - ALL USECS  : USecs [ 287008628 ]
EXPERIMENT SUCCESSFUL : true

RUN NUMBER            : 1
AUCTION TYPE          : COMBINATORIAL_AUCTION_PROXIMITY
NUMBER OF POINTS      : 11
DURATION - ALL USECS  : USecs [ 256354947 ]
EXPERIMENT SUCCESSFUL : true

RUN NUMBER            : 1
AUCTION TYPE          : COMBINATORIAL_AUCTION_SORTED
NUMBER OF POINTS      : 11
DURATION - ALL USECS  : USecs [ 225313021 ]
EXPERIMENT SUCCESSFUL : true

RUN NUMBER            : 2
AUCTION TYPE          : RANDOM_ALLOCATION
NUMBER OF POINTS      : 11
DURATION - ALL USECS  : USecs [ 0 ]
EXPERIMENT SUCCESSFUL : false

RUN NUMBER            : 2
AUCTION TYPE          : SIMPLE_AUCTION
NUMBER OF POINTS      : 11
DURATION - ALL USECS  : USecs [ 281840785 ]
EXPERIMENT SUCCESSFUL : true

RUN NUMBER            : 2
AUCTION TYPE          : COMBINATORIAL_AUCTION_PROXIMITY
NUMBER OF POINTS      : 11
DURATION - ALL USECS  : USecs [ 245078464 ]
EXPERIMENT SUCCESSFUL : true

RUN NUMBER            : 2
AUCTION TYPE          : COMBINATORIAL_AUCTION_SORTED
NUMBER OF POINTS      : 11
DURATION - ALL USECS  : USecs [ 229221512 ]
EXPERIMENT SUCCESSFUL : true

