RUN NUMBER            : 1
AUCTION TYPE          : RANDOM_ALLOCATION
NUMBER OF POINTS      : 13
DURATION - ALL USECS  : USecs [ 301101983 ]
EXPERIMENT SUCCESSFUL : true

RUN NUMBER            : 1
AUCTION TYPE          : SIMPLE_AUCTION
NUMBER OF POINTS      : 13
DURATION - ALL USECS  : USecs [ 216809824 ]
EXPERIMENT SUCCESSFUL : true

RUN NUMBER            : 1
AUCTION TYPE          : COMBINATORIAL_AUCTION_PROXIMITY
NUMBER OF POINTS      : 13
DURATION - ALL USECS  : USecs [ 258530337 ]
EXPERIMENT SUCCESSFUL : true

RUN NUMBER            : 1
AUCTION TYPE          : COMBINATORIAL_AUCTION_SORTED
NUMBER OF POINTS      : 13
DURATION - ALL USECS  : USecs [ 246643312 ]
EXPERIMENT SUCCESSFUL : true

RUN NUMBER            : 2
AUCTION TYPE          : RANDOM_ALLOCATION
NUMBER OF POINTS      : 13
DURATION - ALL USECS  : USecs [ 303445822 ]
EXPERIMENT SUCCESSFUL : true

RUN NUMBER            : 2
AUCTION TYPE          : SIMPLE_AUCTION
NUMBER OF POINTS      : 13
DURATION - ALL USECS  : USecs [ 229184654 ]
EXPERIMENT SUCCESSFUL : true

RUN NUMBER            : 2
AUCTION TYPE          : COMBINATORIAL_AUCTION_PROXIMITY
NUMBER OF POINTS      : 13
DURATION - ALL USECS  : USecs [ 272075063 ]
EXPERIMENT SUCCESSFUL : true

RUN NUMBER            : 2
AUCTION TYPE          : COMBINATORIAL_AUCTION_SORTED
NUMBER OF POINTS      : 13
DURATION - ALL USECS  : USecs [ 0 ]
EXPERIMENT SUCCESSFUL : false

RUN NUMBER            : 3
AUCTION TYPE          : COMBINATORIAL_AUCTION_SORTED
NUMBER OF POINTS      : 13
DURATION - ALL USECS  : USecs [ 0 ]
EXPERIMENT SUCCESSFUL : false

RUN NUMBER            : 4
AUCTION TYPE          : COMBINATORIAL_AUCTION_SORTED
NUMBER OF POINTS      : 13
DURATION - ALL USECS  : USecs [ 266753337 ]
EXPERIMENT SUCCESSFUL : true

