RUN NUMBER            : 1
AUCTION TYPE          : COMBINATORIAL_AUCTION_PROXIMITY
NUMBER OF POINTS      : 11
DURATION - ALL USECS  : USecs [ 430819578 ]
EXPERIMENT SUCCESSFUL : true

RUN NUMBER            : 1
AUCTION TYPE          : COMBINATORIAL_AUCTION_SORTED
NUMBER OF POINTS      : 11
DURATION - ALL USECS  : USecs [ 300882303 ]
EXPERIMENT SUCCESSFUL : true

RUN NUMBER            : 2
AUCTION TYPE          : COMBINATORIAL_AUCTION_PROXIMITY
NUMBER OF POINTS      : 11
DURATION - ALL USECS  : USecs [ 424720301 ]
EXPERIMENT SUCCESSFUL : true

RUN NUMBER            : 2
AUCTION TYPE          : COMBINATORIAL_AUCTION_SORTED
NUMBER OF POINTS      : 11
DURATION - ALL USECS  : USecs [ 485832334 ]
EXPERIMENT SUCCESSFUL : true

