RUN NUMBER            : 1
AUCTION TYPE          : RANDOM_ALLOCATION
NUMBER OF POINTS      : 13
DURATION - ALL USECS  : USecs [ 414419969 ]
EXPERIMENT SUCCESSFUL : true

RUN NUMBER            : 1
AUCTION TYPE          : SIMPLE_AUCTION
NUMBER OF POINTS      : 13
DURATION - ALL USECS  : USecs [ 222252162 ]
EXPERIMENT SUCCESSFUL : true

RUN NUMBER            : 1
AUCTION TYPE          : COMBINATORIAL_AUCTION_PROXIMITY
NUMBER OF POINTS      : 13
DURATION - ALL USECS  : USecs [ 0 ]
EXPERIMENT SUCCESSFUL : false

RUN NUMBER            : 1
AUCTION TYPE          : COMBINATORIAL_AUCTION_SORTED
NUMBER OF POINTS      : 13
DURATION - ALL USECS  : USecs [ 377459659 ]
EXPERIMENT SUCCESSFUL : true

RUN NUMBER            : 2
AUCTION TYPE          : RANDOM_ALLOCATION
NUMBER OF POINTS      : 13
DURATION - ALL USECS  : USecs [ 0 ]
EXPERIMENT SUCCESSFUL : false

RUN NUMBER            : 2
AUCTION TYPE          : COMBINATORIAL_AUCTION_PROXIMITY
NUMBER OF POINTS      : 13
DURATION - ALL USECS  : USecs [ 306593944 ]
EXPERIMENT SUCCESSFUL : true

RUN NUMBER            : 3
AUCTION TYPE          : COMBINATORIAL_AUCTION_PROXIMITY
NUMBER OF POINTS      : 13
DURATION - ALL USECS  : USecs [ 198823741 ]
EXPERIMENT SUCCESSFUL : true

