RUN NUMBER            : 1
AUCTION TYPE          : RANDOM_ALLOCATION
NUMBER OF POINTS      : 10
DURATION - ALL USECS  : USecs [ 303585538 ]
EXPERIMENT SUCCESSFUL : true

RUN NUMBER            : 1
AUCTION TYPE          : SIMPLE_AUCTION
NUMBER OF POINTS      : 10
DURATION - ALL USECS  : USecs [ 273190566 ]
EXPERIMENT SUCCESSFUL : true

RUN NUMBER            : 1
AUCTION TYPE          : COMBINATORIAL_AUCTION_PROXIMITY
NUMBER OF POINTS      : 10
DURATION - ALL USECS  : USecs [ 177472256 ]
EXPERIMENT SUCCESSFUL : true

RUN NUMBER            : 1
AUCTION TYPE          : COMBINATORIAL_AUCTION_SORTED
NUMBER OF POINTS      : 10
DURATION - ALL USECS  : USecs [ 274289815 ]
EXPERIMENT SUCCESSFUL : true

