RUN NUMBER            : 1
AUCTION TYPE          : RANDOM_ALLOCATION
NUMBER OF POINTS      : 2
DURATION - ALL USECS  : USecs [ 64780236 ]
EXPERIMENT SUCCESSFUL : true

RUN NUMBER            : 1
AUCTION TYPE          : SIMPLE_AUCTION
NUMBER OF POINTS      : 2
DURATION - ALL USECS  : USecs [ 64215287 ]
EXPERIMENT SUCCESSFUL : true

RUN NUMBER            : 1
AUCTION TYPE          : COMBINATORIAL_AUCTION_PROXIMITY
NUMBER OF POINTS      : 2
DURATION - ALL USECS  : USecs [ 81049166 ]
EXPERIMENT SUCCESSFUL : true

RUN NUMBER            : 1
AUCTION TYPE          : COMBINATORIAL_AUCTION_SORTED
NUMBER OF POINTS      : 2
DURATION - ALL USECS  : USecs [ 64677004 ]
EXPERIMENT SUCCESSFUL : true

RUN NUMBER            : 1
AUCTION TYPE          : RANDOM_ALLOCATION
NUMBER OF POINTS      : 5
DURATION - ALL USECS  : USecs [ 238448215 ]
EXPERIMENT SUCCESSFUL : true

RUN NUMBER            : 1
AUCTION TYPE          : SIMPLE_AUCTION
NUMBER OF POINTS      : 5
DURATION - ALL USECS  : USecs [ 228430301 ]
EXPERIMENT SUCCESSFUL : true

RUN NUMBER            : 1
AUCTION TYPE          : COMBINATORIAL_AUCTION_PROXIMITY
NUMBER OF POINTS      : 5
DURATION - ALL USECS  : USecs [ 216628583 ]
EXPERIMENT SUCCESSFUL : true

RUN NUMBER            : 1
AUCTION TYPE          : COMBINATORIAL_AUCTION_SORTED
NUMBER OF POINTS      : 5
DURATION - ALL USECS  : USecs [ 206287636 ]
EXPERIMENT SUCCESSFUL : true

RUN NUMBER            : 1
AUCTION TYPE          : RANDOM_ALLOCATION
NUMBER OF POINTS      : 8
DURATION - ALL USECS  : USecs [ 345000322 ]
EXPERIMENT SUCCESSFUL : true

RUN NUMBER            : 1
AUCTION TYPE          : SIMPLE_AUCTION
NUMBER OF POINTS      : 8
DURATION - ALL USECS  : USecs [ 274057344 ]
EXPERIMENT SUCCESSFUL : true

RUN NUMBER            : 1
AUCTION TYPE          : COMBINATORIAL_AUCTION_PROXIMITY
NUMBER OF POINTS      : 8
DURATION - ALL USECS  : USecs [ 246903959 ]
EXPERIMENT SUCCESSFUL : true

RUN NUMBER            : 1
AUCTION TYPE          : COMBINATORIAL_AUCTION_SORTED
NUMBER OF POINTS      : 8
DURATION - ALL USECS  : USecs [ 246767627 ]
EXPERIMENT SUCCESSFUL : true

RUN NUMBER            : 2
AUCTION TYPE          : RANDOM_ALLOCATION
NUMBER OF POINTS      : 2
DURATION - ALL USECS  : USecs [ 62889683 ]
EXPERIMENT SUCCESSFUL : true

RUN NUMBER            : 2
AUCTION TYPE          : SIMPLE_AUCTION
NUMBER OF POINTS      : 2
DURATION - ALL USECS  : USecs [ 60164552 ]
EXPERIMENT SUCCESSFUL : true

RUN NUMBER            : 2
AUCTION TYPE          : COMBINATORIAL_AUCTION_PROXIMITY
NUMBER OF POINTS      : 2
DURATION - ALL USECS  : USecs [ 58828646 ]
EXPERIMENT SUCCESSFUL : true

RUN NUMBER            : 2
AUCTION TYPE          : COMBINATORIAL_AUCTION_SORTED
NUMBER OF POINTS      : 2
DURATION - ALL USECS  : USecs [ 60231405 ]
EXPERIMENT SUCCESSFUL : true

RUN NUMBER            : 2
AUCTION TYPE          : RANDOM_ALLOCATION
NUMBER OF POINTS      : 5
DURATION - ALL USECS  : USecs [ 231516233 ]
EXPERIMENT SUCCESSFUL : true

RUN NUMBER            : 2
AUCTION TYPE          : SIMPLE_AUCTION
NUMBER OF POINTS      : 5
DURATION - ALL USECS  : USecs [ 237965040 ]
EXPERIMENT SUCCESSFUL : true

RUN NUMBER            : 2
AUCTION TYPE          : COMBINATORIAL_AUCTION_PROXIMITY
NUMBER OF POINTS      : 5
DURATION - ALL USECS  : USecs [ 0 ]
EXPERIMENT SUCCESSFUL : false

RUN NUMBER            : 2
AUCTION TYPE          : COMBINATORIAL_AUCTION_SORTED
NUMBER OF POINTS      : 5
DURATION - ALL USECS  : USecs [ 196974837 ]
EXPERIMENT SUCCESSFUL : true

RUN NUMBER            : 2
AUCTION TYPE          : RANDOM_ALLOCATION
NUMBER OF POINTS      : 8
DURATION - ALL USECS  : USecs [ 379688992 ]
EXPERIMENT SUCCESSFUL : true

RUN NUMBER            : 2
AUCTION TYPE          : SIMPLE_AUCTION
NUMBER OF POINTS      : 8
DURATION - ALL USECS  : USecs [ 281159484 ]
EXPERIMENT SUCCESSFUL : true

RUN NUMBER            : 2
AUCTION TYPE          : COMBINATORIAL_AUCTION_PROXIMITY
NUMBER OF POINTS      : 8
DURATION - ALL USECS  : USecs [ 243371046 ]
EXPERIMENT SUCCESSFUL : true

RUN NUMBER            : 2
AUCTION TYPE          : COMBINATORIAL_AUCTION_SORTED
NUMBER OF POINTS      : 8
DURATION - ALL USECS  : USecs [ 244151396 ]
EXPERIMENT SUCCESSFUL : true

