RUN NUMBER            : 1
AUCTION TYPE          : RANDOM_ALLOCATION
NUMBER OF POINTS      : 13
DURATION - ALL USECS  : USecs [ 308678250 ]
EXPERIMENT SUCCESSFUL : true

RUN NUMBER            : 1
AUCTION TYPE          : SIMPLE_AUCTION
NUMBER OF POINTS      : 13
DURATION - ALL USECS  : USecs [ 193155365 ]
EXPERIMENT SUCCESSFUL : true

RUN NUMBER            : 1
AUCTION TYPE          : COMBINATORIAL_AUCTION_PROXIMITY
NUMBER OF POINTS      : 13
DURATION - ALL USECS  : USecs [ 190593429 ]
EXPERIMENT SUCCESSFUL : true

RUN NUMBER            : 1
AUCTION TYPE          : COMBINATORIAL_AUCTION_SORTED
NUMBER OF POINTS      : 13
DURATION - ALL USECS  : USecs [ 149168681 ]
EXPERIMENT SUCCESSFUL : true

